{"level":"info","ts":1694518726.4654489,"caller":"app/server.go:247","msg":"Server is initializing...","go_version":"go1.15.5"}
{"level":"info","ts":1694518726.473505,"caller":"app/web_hub.go:93","msg":"Starting websocket hubs","number_of_hubs":8}
{"level":"info","ts":1694518726.511181,"caller":"i18n/i18n.go:93","msg":"Loaded system translations","for locale":"en","from locale":"/mattermost/i18n/en.json"}
{"level":"info","ts":1694518726.545532,"caller":"sqlstore/store.go:289","msg":"Pinging SQL","database":"master"}
{"level":"info","ts":1694518726.818233,"caller":"sqlstore/store.go:289","msg":"Pinging SQL","database":"migrations"}
{"level":"info","ts":1694518729.17607,"caller":"sqlstore/upgrade.go:130","msg":"The database schema version has been set","version":"5.36.0"}
{"level":"info","ts":1694518730.726326,"caller":"app/license.go:68","msg":"License key from https://mattermost.com required to unlock enterprise features."}
{"level":"error","ts":1694518730.8957472,"caller":"app/server.go:513","msg":"Mail server connection test is failed","error":"SendEmailNotifications is not true","errorVerbose":"SendEmailNotifications is not true\ngithub.com/mattermost/mattermost-server/v5/shared/mail.TestConnection\n\tgithub.com/mattermost/mattermost-server/v5/shared/mail/mail.go:212\ngithub.com/mattermost/mattermost-server/v5/app.NewServer\n\tgithub.com/mattermost/mattermost-server/v5/app/server.go:512\ngithub.com/mattermost/mattermost-server/v5/cmd/mattermost/commands.runServer\n\tgithub.com/mattermost/mattermost-server/v5/cmd/mattermost/commands/server.go:77\ngithub.com/mattermost/mattermost-server/v5/cmd/mattermost/commands.serverCmdF\n\tgithub.com/mattermost/mattermost-server/v5/cmd/mattermost/commands/server.go:61\ngithub.com/spf13/cobra.(*Command).execute\n\tgithub.com/spf13/cobra@v1.1.3/command.go:852\ngithub.com/spf13/cobra.(*Command).ExecuteC\n\tgithub.com/spf13/cobra@v1.1.3/command.go:960\ngithub.com/spf13/cobra.(*Command).Execute\n\tgithub.com/spf13/cobra@v1.1.3/command.go:897\ngithub.com/mattermost/mattermost-server/v5/cmd/mattermost/commands.Run\n\tgithub.com/mattermost/mattermost-server/v5/cmd/mattermost/commands/root.go:14\nmain.main\n\tgithub.com/mattermost/mattermost-server/v5/cmd/mattermost/main.go:31\nruntime.main\n\truntime/proc.go:204\nruntime.goexit\n\truntime/asm_amd64.s:1374"}
{"level":"error","ts":1694518730.898239,"caller":"app/server.go:517","msg":"SiteURL must be set. Some features will operate incorrectly if the SiteURL is not set. See documentation for details: http://about.mattermost.com/default-site-url"}
{"level":"info","ts":1694518730.903434,"caller":"app/server.go:556","msg":"Current version is 5.36.0 (5.36.0/Thu Jun 10 13:17:37 UTC 2021/ab85b70be324433456ebdfc0fd6d132da71cff7e/39c12f696638c1425b9d04e73432c07648baa728)","current_version":"5.36.0","build_number":"5.36.0","build_date":"Thu Jun 10 13:17:37 UTC 2021","build_hash":"ab85b70be324433456ebdfc0fd6d132da71cff7e","build_hash_enterprise":"39c12f696638c1425b9d04e73432c07648baa728"}
{"level":"info","ts":1694518730.904157,"caller":"app/server.go:565","msg":"Enterprise Build","enterprise_build":true}
{"level":"info","ts":1694518730.904974,"caller":"app/server.go:571","msg":"Printing current working","directory":"/mattermost"}
{"level":"info","ts":1694518730.905637,"caller":"app/server.go:572","msg":"Loaded config","source":"file:///mattermost/config/config.json"}
{"level":"info","ts":1694518731.039621,"caller":"sqlstore/post_store.go:2010","msg":"Post.Message has size restrictions","max_characters":16383,"max_bytes":65535}
{"level":"info","ts":1694518731.318183,"caller":"jobs/workers.go:135","msg":"Starting workers"}
{"level":"info","ts":1694518731.3301618,"caller":"app/migrations.go:32","msg":"Migrating roles to database."}
{"level":"info","ts":1694518731.338167,"caller":"app/license.go:68","msg":"License key from https://mattermost.com required to unlock enterprise features."}
{"level":"info","ts":1694518731.351583,"caller":"jobs/schedulers.go:116","msg":"Starting schedulers."}
{"level":"error","ts":1694518731.591637,"caller":"app/server.go:1650","msg":"Failed to send notifications to admin users.","error":"NotifyAdminsOfWarnMetricStatus: List of admins is empty., "}
{"level":"info","ts":1694518731.7381701,"caller":"app/migrations.go:112","msg":"Migrating emojis config to database."}
{"level":"info","ts":1694518734.044381,"caller":"mlog/log.go:237","msg":"Starting up plugins"}
{"level":"info","ts":1694518734.045588,"caller":"app/plugin.go:258","msg":"Syncing plugins from the file store"}
{"level":"info","ts":1694518739.9025438,"caller":"mlog/sugar.go:21","msg":"Ensuring Surveybot exists","plugin_id":"com.mattermost.nps"}
{"level":"info","ts":1694518740.093935,"caller":"mlog/sugar.go:21","msg":"Surveybot created","plugin_id":"com.mattermost.nps"}
{"level":"info","ts":1694518740.1550121,"caller":"mlog/sugar.go:21","msg":"Upgrade detected. Checking if a survey should be scheduled.","plugin_id":"com.mattermost.nps"}
{"level":"info","ts":1694518740.181416,"caller":"mlog/sugar.go:21","msg":"Scheduling next survey for Oct 3, 2023","plugin_id":"com.mattermost.nps"}
{"level":"info","ts":1694518747.039937,"caller":"app/server.go:1150","msg":"Starting Server..."}
{"level":"info","ts":1694518747.041151,"caller":"app/server.go:1184","msg":"RateLimiter is enabled"}
{"level":"info","ts":1694518747.043935,"caller":"app/server.go:1226","msg":"Server is listening on [::]:8000","address":"[::]:8000"}
{"level":"warn","ts":1694518771.306141,"caller":"plugin/health_check.go:59","msg":"Health check failed for plugin","id":"com.mattermost.nps","error":"plugin RPC connection is not responding"}
{"level":"error","ts":1694518771.3146381,"caller":"mlog/log.go:251","msg":"RPC call OnDeactivate to plugin failed.","plugin_id":"com.mattermost.nps","error":"connection is shut down"}
{"level":"warn","ts":1694518771.31899,"caller":"plugin/hclog_adapter.go:70","msg":"error closing client during Kill","plugin_id":"com.mattermost.nps","wrapped_extras":"errconnection is shut down"}
{"level":"warn","ts":1694518771.321294,"caller":"plugin/hclog_adapter.go:72","msg":"plugin failed to exit gracefully","plugin_id":"com.mattermost.nps"}
{"level":"info","ts":1694518771.595927,"caller":"mlog/sugar.go:21","msg":"Ensuring Surveybot exists","plugin_id":"com.mattermost.nps"}
{"level":"warn","ts":1694518775.323117,"caller":"app/user.go:197","msg":"Failed to send welcome email on create user from signup","error":"SendWelcomeEmail: Failed to send welcome email successfully, Send Email Notifications and Require Email Verification is disabled in the system console"}
{"level":"info","ts":1694518816.110595,"caller":"migrations/worker.go:109","msg":"Worker: Job is complete","worker":"Migrations","job_id":"ag7xpcmkm3y1xxt6o3cqrxnkwy"}
{"level":"info","ts":1694519356.2464168,"caller":"expirynotify/worker.go:85","msg":"Worker: Job is complete","worker":"ExpiryNotify","job_id":"5njmnuaa5tyrfdr98a61s59cic"}
{"level":"info","ts":1694519942.025831,"caller":"expirynotify/worker.go:85","msg":"Worker: Job is complete","worker":"ExpiryNotify","job_id":"om1zmdd9wp8ntdhpcryumgsmby"}
{"level":"info","ts":1694520543.054954,"caller":"expirynotify/worker.go:85","msg":"Worker: Job is complete","worker":"ExpiryNotify","job_id":"1nuf1txbj78tic464roumhy4uo"}
{"level":"info","ts":1694521144.055639,"caller":"expirynotify/worker.go:85","msg":"Worker: Job is complete","worker":"ExpiryNotify","job_id":"sbogtq66p388pbg8owogzm3nno"}
{"level":"info","ts":1694521745.127924,"caller":"expirynotify/worker.go:85","msg":"Worker: Job is complete","worker":"ExpiryNotify","job_id":"xwcrz8sqmjduixjez8pp7b766h"}
{"level":"info","ts":1694522346.172504,"caller":"expirynotify/worker.go:85","msg":"Worker: Job is complete","worker":"ExpiryNotify","job_id":"uu99zmjarfd65gn1dia9s5d6to"}
{"level":"info","ts":1694522346.337963,"caller":"product_notices/worker.go:85","msg":"Worker: Job is complete","worker":"ProductNotices","job_id":"xur7kjqonbgpzet9dfrkyb8z3w"}
{"level":"info","ts":1694522947.495927,"caller":"expirynotify/worker.go:85","msg":"Worker: Job is complete","worker":"ExpiryNotify","job_id":"cmueju9axida8jgqnksigqnzie"}
{"level":"info","ts":1694523550.445486,"caller":"expirynotify/worker.go:85","msg":"Worker: Job is complete","worker":"ExpiryNotify","job_id":"jk4inut4afgrunczzdtbyegoie"}
{"level":"info","ts":1694524151.501416,"caller":"expirynotify/worker.go:85","msg":"Worker: Job is complete","worker":"ExpiryNotify","job_id":"94s9xgtfapygxya14rp8ggpssy"}
{"level":"info","ts":1694524752.68673,"caller":"expirynotify/worker.go:85","msg":"Worker: Job is complete","worker":"ExpiryNotify","job_id":"eng3edx6fpd99gf7oyebp4uefw"}
{"level":"info","ts":1694525353.756274,"caller":"expirynotify/worker.go:85","msg":"Worker: Job is complete","worker":"ExpiryNotify","job_id":"xhtug7geqbyippeo5gq3c4wwsc"}
{"level":"info","ts":1694525954.940177,"caller":"expirynotify/worker.go:85","msg":"Worker: Job is complete","worker":"ExpiryNotify","job_id":"hgs8y66t83dxtfi57dfupx9z1w"}
{"level":"info","ts":1694525955.022082,"caller":"product_notices/worker.go:85","msg":"Worker: Job is complete","worker":"ProductNotices","job_id":"raf3mrknxife7bg74641s3pdih"}
{"level":"info","ts":1694526556.006485,"caller":"expirynotify/worker.go:85","msg":"Worker: Job is complete","worker":"ExpiryNotify","job_id":"gc7bh4ocujnwdkj8s7gqjdiybr"}
{"level":"info","ts":1694527157.2165592,"caller":"expirynotify/worker.go:85","msg":"Worker: Job is complete","worker":"ExpiryNotify","job_id":"xmi149573prf583qu4jjgkyxjo"}
{"level":"info","ts":1694527743.5256279,"caller":"expirynotify/worker.go:85","msg":"Worker: Job is complete","worker":"ExpiryNotify","job_id":"pijz6uor5bysjk4f1togqcuxia"}
{"level":"info","ts":1694528344.739933,"caller":"expirynotify/worker.go:85","msg":"Worker: Job is complete","worker":"ExpiryNotify","job_id":"1acxmi9uz7dnjkwt8qziumq1ch"}
{"level":"info","ts":1694530472.576053,"caller":"expirynotify/worker.go:85","msg":"Worker: Job is complete","worker":"ExpiryNotify","job_id":"cu8ygaqrrjn1id6yhoccrqm1wo"}
{"level":"info","ts":1694530472.7278469,"caller":"product_notices/worker.go:85","msg":"Worker: Job is complete","worker":"ProductNotices","job_id":"iddd43oq3b8qjc4j4prnqgzxre"}
{"level":"info","ts":1694531058.341721,"caller":"expirynotify/worker.go:85","msg":"Worker: Job is complete","worker":"ExpiryNotify","job_id":"15djckchg7ftfj37cpsbpiqcfe"}
{"level":"info","ts":1694531659.179929,"caller":"expirynotify/worker.go:85","msg":"Worker: Job is complete","worker":"ExpiryNotify","job_id":"g7hj8mqyy7frig6mfx6s36hp4r"}
{"level":"info","ts":1694532259.98438,"caller":"expirynotify/worker.go:85","msg":"Worker: Job is complete","worker":"ExpiryNotify","job_id":"tnp6t98otjg8pbtmfrruq6icxr"}
{"level":"info","ts":1694532860.956192,"caller":"expirynotify/worker.go:85","msg":"Worker: Job is complete","worker":"ExpiryNotify","job_id":"bsa757eegtrq5fkfqdaw54dqoa"}
{"level":"info","ts":1694533461.930279,"caller":"expirynotify/worker.go:85","msg":"Worker: Job is complete","worker":"ExpiryNotify","job_id":"7z5kou1r9iftfp8ozudd74bsbh"}
{"level":"info","ts":1694534062.951523,"caller":"expirynotify/worker.go:85","msg":"Worker: Job is complete","worker":"ExpiryNotify","job_id":"5tfegcbrtirrbbxkcrx3qupsbc"}
{"level":"info","ts":1694534063.1368692,"caller":"product_notices/worker.go:85","msg":"Worker: Job is complete","worker":"ProductNotices","job_id":"jy7hfqnq17dxfgg4z99kt4izhc"}
{"level":"info","ts":1694534663.9041111,"caller":"expirynotify/worker.go:85","msg":"Worker: Job is complete","worker":"ExpiryNotify","job_id":"p46jch6yzbnnpc86ow9yd9m1sc"}
{"level":"info","ts":1694535264.8270562,"caller":"expirynotify/worker.go:85","msg":"Worker: Job is complete","worker":"ExpiryNotify","job_id":"mm6namfrsidrtcg7qoszkcsnsw"}
{"level":"info","ts":1694535865.5510132,"caller":"expirynotify/worker.go:85","msg":"Worker: Job is complete","worker":"ExpiryNotify","job_id":"w8334fc51i8zfkrygo4zqha47a"}
{"level":"info","ts":1694536466.4850519,"caller":"expirynotify/worker.go:85","msg":"Worker: Job is complete","worker":"ExpiryNotify","job_id":"7wnmugh4kpyn9mgon6h5no5znh"}
{"level":"info","ts":1694537067.320351,"caller":"expirynotify/worker.go:85","msg":"Worker: Job is complete","worker":"ExpiryNotify","job_id":"y76h8w17b7f6988f83i4d6fksr"}
{"level":"info","ts":1694537668.22845,"caller":"expirynotify/worker.go:85","msg":"Worker: Job is complete","worker":"ExpiryNotify","job_id":"36tgfk4kojgbdyigmthb1ofcao"}
{"level":"info","ts":1694537668.3871338,"caller":"product_notices/worker.go:85","msg":"Worker: Job is complete","worker":"ProductNotices","job_id":"3ip8necdfbd1fgzzaf39xx85wa"}
{"level":"info","ts":1694538269.006778,"caller":"expirynotify/worker.go:85","msg":"Worker: Job is complete","worker":"ExpiryNotify","job_id":"pp91ncex5tnz3bdrdn4gccmiyh"}
{"level":"info","ts":1694538870.002362,"caller":"expirynotify/worker.go:85","msg":"Worker: Job is complete","worker":"ExpiryNotify","job_id":"zc4wxb94epr97x66asjtsrzrdw"}
{"level":"info","ts":1694539493.0018702,"caller":"expirynotify/worker.go:85","msg":"Worker: Job is complete","worker":"ExpiryNotify","job_id":"716wm38nfjdffy7fnxp3zkty3r"}
{"level":"info","ts":1694540133.783555,"caller":"expirynotify/worker.go:85","msg":"Worker: Job is complete","worker":"ExpiryNotify","job_id":"om4bjaobtprnjk5btd9uyg1jwe"}
{"level":"info","ts":1694540750.942077,"caller":"expirynotify/worker.go:85","msg":"Worker: Job is complete","worker":"ExpiryNotify","job_id":"drnuxrq4b7by9fowsfy1cx46je"}
{"level":"info","ts":1694541276.741814,"caller":"product_notices/worker.go:85","msg":"Worker: Job is complete","worker":"ProductNotices","job_id":"1x45e7drxj88ik8bz1f497keoa"}
{"level":"info","ts":1694541336.6566699,"caller":"expirynotify/worker.go:85","msg":"Worker: Job is complete","worker":"ExpiryNotify","job_id":"88s6rwhpybyczxqecftnuki1qr"}
{"level":"info","ts":1694541937.266083,"caller":"expirynotify/worker.go:85","msg":"Worker: Job is complete","worker":"ExpiryNotify","job_id":"338tz1kuxpnfuyoehj1xaozhpy"}
{"level":"info","ts":1694542538.060587,"caller":"expirynotify/worker.go:85","msg":"Worker: Job is complete","worker":"ExpiryNotify","job_id":"p6mmb1taxtb8be5raimr8fegze"}
{"level":"info","ts":1694543139.075924,"caller":"expirynotify/worker.go:85","msg":"Worker: Job is complete","worker":"ExpiryNotify","job_id":"cbhzegfkmiynmbx1bn3dfzh4ih"}
{"level":"warn","ts":1694544288.631746,"caller":"plugin/health_check.go:59","msg":"Health check failed for plugin","id":"com.mattermost.plugin-incident-management","error":"plugin RPC connection is not responding"}
{"level":"warn","ts":1694544288.658997,"caller":"plugin/hclog_adapter.go:70","msg":"error closing client during Kill","plugin_id":"com.mattermost.plugin-incident-management","wrapped_extras":"errconnection is shut down"}
{"level":"warn","ts":1694544288.670589,"caller":"plugin/hclog_adapter.go:72","msg":"plugin failed to exit gracefully","plugin_id":"com.mattermost.plugin-incident-management"}
{"level":"info","ts":1694544288.689588,"caller":"go-plugin@v1.4.0/stream.go:15","msg":"2023/09/12 20:44:48 [ERR] yamux: keepalive failed: i/o deadline reached","plugin_id":"com.mattermost.nps","source":"plugin_stderr"}
{"level":"warn","ts":1694544301.297157,"caller":"plugin/health_check.go:59","msg":"Health check failed for plugin","id":"com.mattermost.nps","error":"plugin RPC connection is not responding"}
{"level":"error","ts":1694544301.303735,"caller":"mlog/log.go:251","msg":"RPC call OnDeactivate to plugin failed.","plugin_id":"com.mattermost.nps","error":"connection is shut down"}
{"level":"warn","ts":1694544301.308255,"caller":"plugin/hclog_adapter.go:70","msg":"error closing client during Kill","plugin_id":"com.mattermost.nps","wrapped_extras":"errconnection is shut down"}
{"level":"warn","ts":1694544301.309846,"caller":"plugin/hclog_adapter.go:72","msg":"plugin failed to exit gracefully","plugin_id":"com.mattermost.nps"}
{"level":"info","ts":1694544301.824914,"caller":"mlog/sugar.go:21","msg":"Ensuring Surveybot exists","plugin_id":"com.mattermost.nps"}
{"level":"info","ts":1694544304.0385542,"caller":"expirynotify/worker.go:85","msg":"Worker: Job is complete","worker":"ExpiryNotify","job_id":"q3pd1swzotf4zqnzmxnx1gk7ww"}
{"level":"info","ts":1694545116.275954,"caller":"expirynotify/worker.go:85","msg":"Worker: Job is complete","worker":"ExpiryNotify","job_id":"7syhagrz3fr6jjtg9md7bme3zw"}
{"level":"info","ts":1694545116.4452622,"caller":"product_notices/worker.go:85","msg":"Worker: Job is complete","worker":"ProductNotices","job_id":"jrb5karkuty5xf9y1xhjbjg3uh"}
{"level":"info","ts":1694545864.748254,"caller":"expirynotify/worker.go:85","msg":"Worker: Job is complete","worker":"ExpiryNotify","job_id":"jzd5ebftsjy3zruse67w71wejc"}
{"level":"warn","ts":1694546871.3749251,"caller":"plugin/health_check.go:59","msg":"Health check failed for plugin","id":"com.mattermost.plugin-incident-management","error":"plugin RPC connection is not responding"}
{"level":"warn","ts":1694546871.422923,"caller":"plugin/hclog_adapter.go:70","msg":"error closing client during Kill","plugin_id":"com.mattermost.plugin-incident-management","wrapped_extras":"errconnection is shut down"}
{"level":"warn","ts":1694546871.4400132,"caller":"plugin/hclog_adapter.go:72","msg":"plugin failed to exit gracefully","plugin_id":"com.mattermost.plugin-incident-management"}
{"level":"warn","ts":1694546872.722306,"caller":"plugin/health_check.go:59","msg":"Health check failed for plugin","id":"com.mattermost.plugin-channel-export","error":"plugin RPC connection is not responding"}
{"level":"warn","ts":1694546872.7243211,"caller":"plugin/hclog_adapter.go:70","msg":"error closing client during Kill","plugin_id":"com.mattermost.plugin-channel-export","wrapped_extras":"errconnection is shut down"}
{"level":"warn","ts":1694546872.725599,"caller":"plugin/hclog_adapter.go:72","msg":"plugin failed to exit gracefully","plugin_id":"com.mattermost.plugin-channel-export"}
{"level":"info","ts":1694546886.761211,"caller":"expirynotify/worker.go:85","msg":"Worker: Job is complete","worker":"ExpiryNotify","job_id":"j3ct468w47gtuxw57hcxycmgeh"}
{"level":"info","ts":1694547472.73064,"caller":"expirynotify/worker.go:85","msg":"Worker: Job is complete","worker":"ExpiryNotify","job_id":"qa8nbth65tr1d8kbdg3ahxat8r"}
{"level":"info","ts":1694548073.651395,"caller":"expirynotify/worker.go:85","msg":"Worker: Job is complete","worker":"ExpiryNotify","job_id":"aw4sz6iu5jb7idpw4q8o7wifua"}
{"level":"info","ts":1694548674.647551,"caller":"expirynotify/worker.go:85","msg":"Worker: Job is complete","worker":"ExpiryNotify","job_id":"udhhhdtnkbfyxqr6mf7kkoh5sr"}
{"level":"info","ts":1694548734.871198,"caller":"product_notices/worker.go:85","msg":"Worker: Job is complete","worker":"ProductNotices","job_id":"zi6fcknn93gzxjc1r8r8i5tkyc"}
{"level":"info","ts":1694549275.4123251,"caller":"expirynotify/worker.go:85","msg":"Worker: Job is complete","worker":"ExpiryNotify","job_id":"r6pid34gw7gd3rr5srrmeu7gth"}
{"level":"info","ts":1694549876.218132,"caller":"expirynotify/worker.go:85","msg":"Worker: Job is complete","worker":"ExpiryNotify","job_id":"qgwppa66u7dbiqeuqpyq3z4uhe"}
{"level":"info","ts":1694550476.994955,"caller":"expirynotify/worker.go:85","msg":"Worker: Job is complete","worker":"ExpiryNotify","job_id":"ucxykk5y7ty4tnbc38dgwtf8sc"}
{"level":"info","ts":1694551077.842134,"caller":"expirynotify/worker.go:85","msg":"Worker: Job is complete","worker":"ExpiryNotify","job_id":"y1wengske7n138n7m3d851yoxa"}
{"level":"info","ts":1694556251.812635,"caller":"expirynotify/worker.go:85","msg":"Worker: Job is complete","worker":"ExpiryNotify","job_id":"9kezfpp7yi8zxr9eccsjhnbm8r"}
{"level":"info","ts":1694556252.031289,"caller":"product_notices/worker.go:85","msg":"Worker: Job is complete","worker":"ProductNotices","job_id":"6faiyu886bggpj4m5w6d5793ue"}
{"level":"info","ts":1694561148.200873,"caller":"expirynotify/worker.go:85","msg":"Worker: Job is complete","worker":"ExpiryNotify","job_id":"d5uqg6tcob8utciijd7h63613h"}
{"level":"info","ts":1694561148.343511,"caller":"product_notices/worker.go:85","msg":"Worker: Job is complete","worker":"ProductNotices","job_id":"qifwrcd7g3ggxqxudewos7bxwy"}
{"level":"info","ts":1694567133.8661,"caller":"expirynotify/worker.go:85","msg":"Worker: Job is complete","worker":"ExpiryNotify","job_id":"w1wp6ts8o3fj8gij64tt5s61wr"}
{"level":"info","ts":1694567134.047029,"caller":"product_notices/worker.go:85","msg":"Worker: Job is complete","worker":"ProductNotices","job_id":"ikhm4rcr77dbxmzknbemxkisic"}
{"level":"info","ts":1694572009.5166998,"caller":"expirynotify/worker.go:85","msg":"Worker: Job is complete","worker":"ExpiryNotify","job_id":"tz8s18i5cfbb7pikjsb1pt95ko"}
{"level":"info","ts":1694572009.6968262,"caller":"product_notices/worker.go:85","msg":"Worker: Job is complete","worker":"ProductNotices","job_id":"gimese36f3bwmxemcbr6cm1qkw"}
{"level":"info","ts":1694577747.984603,"caller":"expirynotify/worker.go:85","msg":"Worker: Job is complete","worker":"ExpiryNotify","job_id":"nakx3b6ax7g77y1oefjwmko61a"}
{"level":"info","ts":1694577748.176826,"caller":"product_notices/worker.go:85","msg":"Worker: Job is complete","worker":"ProductNotices","job_id":"3yif7bsn87bq8mds138431us3o"}
{"level":"error","ts":1694581773.915359,"caller":"mlog/log.go:251","msg":"We encountered an error while finding user profiles.","path":"/api/v4/users/ids","request_id":"dnqhfrgqainjpnwf9hp8cm877o","ip_addr":"172.21.0.1","user_id":"gcqyq3oddbgudxk5r18jwie1xe","method":"POST","err_where":"GetUsersByIds","http_code":500,"err_details":"failed to find Users: context deadline exceeded"}
{"level":"info","ts":1694581789.242456,"caller":"expirynotify/worker.go:85","msg":"Worker: Job is complete","worker":"ExpiryNotify","job_id":"sy5ysubtzbdc8qh57fyapdp4ny"}
{"level":"info","ts":1694581789.474208,"caller":"product_notices/worker.go:85","msg":"Worker: Job is complete","worker":"ProductNotices","job_id":"b8p4cge5npbummikac9c7pjubw"}
{"level":"info","ts":1694582375.1611269,"caller":"expirynotify/worker.go:85","msg":"Worker: Job is complete","worker":"ExpiryNotify","job_id":"mo58kk7y13nnfdortz1a8tc7kr"}
{"level":"info","ts":1694582975.855048,"caller":"expirynotify/worker.go:85","msg":"Worker: Job is complete","worker":"ExpiryNotify","job_id":"t6r1fpfj9bnmby68te7t77nkbo"}
{"level":"info","ts":1694583576.813449,"caller":"expirynotify/worker.go:85","msg":"Worker: Job is complete","worker":"ExpiryNotify","job_id":"skrt64fnypdwfd536wr71t7eca"}
{"level":"info","ts":1694584229.481523,"caller":"expirynotify/worker.go:85","msg":"Worker: Job is complete","worker":"ExpiryNotify","job_id":"dwhfryi6t3ng38819iw3z956kh"}
{"level":"info","ts":1694584830.202297,"caller":"expirynotify/worker.go:85","msg":"Worker: Job is complete","worker":"ExpiryNotify","job_id":"8tbn6haa1bgkibbxgc4bdwq1mw"}
{"level":"info","ts":1694585431.2025301,"caller":"expirynotify/worker.go:85","msg":"Worker: Job is complete","worker":"ExpiryNotify","job_id":"qerdxmbcx3y65manbmwcfzifpa"}
{"level":"info","ts":1694585431.385427,"caller":"product_notices/worker.go:85","msg":"Worker: Job is complete","worker":"ProductNotices","job_id":"g3sb1jgwgpb3zdem5ropq1n7so"}
{"level":"info","ts":1694586032.067039,"caller":"expirynotify/worker.go:85","msg":"Worker: Job is complete","worker":"ExpiryNotify","job_id":"dw5jz6cwetbrdgww6bikgjxkoy"}
{"level":"info","ts":1694586632.866667,"caller":"expirynotify/worker.go:85","msg":"Worker: Job is complete","worker":"ExpiryNotify","job_id":"t6d7jqzwtpg5xyznjihhxb555c"}
{"level":"info","ts":1694587233.7331042,"caller":"expirynotify/worker.go:85","msg":"Worker: Job is complete","worker":"ExpiryNotify","job_id":"5zwg4sgta78cxe4dw3qqqj7zxw"}
{"level":"info","ts":1694587834.708788,"caller":"expirynotify/worker.go:85","msg":"Worker: Job is complete","worker":"ExpiryNotify","job_id":"j39ewoam4fdum8m7hm5opw889w"}
{"level":"info","ts":1694588435.5559769,"caller":"expirynotify/worker.go:85","msg":"Worker: Job is complete","worker":"ExpiryNotify","job_id":"5bsbm1zyq7dmieksmntnj7gyoy"}
{"level":"info","ts":1694589036.391607,"caller":"expirynotify/worker.go:85","msg":"Worker: Job is complete","worker":"ExpiryNotify","job_id":"51xuwz5jo7f8zyukff1q4epdhw"}
{"level":"info","ts":1694589036.6164749,"caller":"product_notices/worker.go:85","msg":"Worker: Job is complete","worker":"ProductNotices","job_id":"u4jsadbpq3r5prmt7e6aboefga"}
{"level":"info","ts":1694589637.300135,"caller":"expirynotify/worker.go:85","msg":"Worker: Job is complete","worker":"ExpiryNotify","job_id":"yq3rdy17hjbei8haqufnm1jhby"}
{"level":"info","ts":1694590238.208816,"caller":"expirynotify/worker.go:85","msg":"Worker: Job is complete","worker":"ExpiryNotify","job_id":"gkibgskisfdtdge8entaj9qpeh"}
{"level":"info","ts":1694590839.263829,"caller":"expirynotify/worker.go:85","msg":"Worker: Job is complete","worker":"ExpiryNotify","job_id":"migzex1gtpnsddr1exxmswtqsr"}
{"level":"info","ts":1694591754.4040499,"caller":"expirynotify/worker.go:85","msg":"Worker: Job is complete","worker":"ExpiryNotify","job_id":"rk1hndhb87fb7x8wco4bs9r4eo"}
{"level":"info","ts":1694594285.714,"caller":"expirynotify/worker.go:85","msg":"Worker: Job is complete","worker":"ExpiryNotify","job_id":"4fnezf18r3fypm8nwk9agosgha"}
{"level":"info","ts":1694594285.8529248,"caller":"product_notices/worker.go:85","msg":"Worker: Job is complete","worker":"ProductNotices","job_id":"sunnoweeoffb7c733ersubgohr"}
{"level":"info","ts":1694597268.2191749,"caller":"expirynotify/worker.go:85","msg":"Worker: Job is complete","worker":"ExpiryNotify","job_id":"kodhqqpdy7fyfc8bhf1ayd7sme"}
{"level":"info","ts":1694600159.114625,"caller":"expirynotify/worker.go:85","msg":"Worker: Job is complete","worker":"ExpiryNotify","job_id":"bw1ewmpcspf7mk3wqiqi5wzx3e"}
{"level":"info","ts":1694600159.500126,"caller":"product_notices/worker.go:85","msg":"Worker: Job is complete","worker":"ProductNotices","job_id":"krwo8rhkobbcdqpah6qwatgbzc"}
{"level":"warn","ts":1694600442.244697,"caller":"plugin/health_check.go:59","msg":"Health check failed for plugin","id":"com.mattermost.plugin-channel-export","error":"plugin RPC connection is not responding"}
{"level":"warn","ts":1694600442.249274,"caller":"plugin/hclog_adapter.go:70","msg":"error closing client during Kill","plugin_id":"com.mattermost.plugin-channel-export","wrapped_extras":"errconnection is shut down"}
{"level":"warn","ts":1694600442.250645,"caller":"plugin/hclog_adapter.go:72","msg":"plugin failed to exit gracefully","plugin_id":"com.mattermost.plugin-channel-export"}
{"level":"info","ts":1694600803.029243,"caller":"expirynotify/worker.go:85","msg":"Worker: Job is complete","worker":"ExpiryNotify","job_id":"1muzspf3ojbpxpkafbbsjyc3fe"}
{"level":"info","ts":1694601403.853062,"caller":"expirynotify/worker.go:85","msg":"Worker: Job is complete","worker":"ExpiryNotify","job_id":"coa6qfspjjroxq9nfpm5iik9qa"}
{"level":"info","ts":1694602004.855445,"caller":"expirynotify/worker.go:85","msg":"Worker: Job is complete","worker":"ExpiryNotify","job_id":"g5s5eq4sd7855y45h6im1971he"}
{"level":"info","ts":1694602605.812447,"caller":"expirynotify/worker.go:85","msg":"Worker: Job is complete","worker":"ExpiryNotify","job_id":"tpatm9w1b3nofft399ifus853e"}
{"level":"info","ts":1694603206.834487,"caller":"expirynotify/worker.go:85","msg":"Worker: Job is complete","worker":"ExpiryNotify","job_id":"c8t9e4ekmffe3ffu4jxtp97gwy"}
{"level":"info","ts":1694603808.089282,"caller":"expirynotify/worker.go:85","msg":"Worker: Job is complete","worker":"ExpiryNotify","job_id":"gb5qz8yb3igxp8zszhnyrhf87y"}
{"level":"info","ts":1694603808.286022,"caller":"product_notices/worker.go:85","msg":"Worker: Job is complete","worker":"ProductNotices","job_id":"k3whgfju938f7c89jcm4wdbdto"}
{"level":"info","ts":1694604408.7579489,"caller":"expirynotify/worker.go:85","msg":"Worker: Job is complete","worker":"ExpiryNotify","job_id":"84nex35qab8fiyz168xazposcr"}
{"level":"info","ts":1694605009.420226,"caller":"expirynotify/worker.go:85","msg":"Worker: Job is complete","worker":"ExpiryNotify","job_id":"wocyd1dggj8d3g3cn6c8rnszic"}
{"level":"info","ts":1694605131.413005,"caller":"app/license.go:68","msg":"License key from https://mattermost.com required to unlock enterprise features."}
{"level":"info","ts":1694605189.694145,"caller":"export_delete/worker.go:123","msg":"Worker: Job is complete","worker":"ExportDelete","job_id":"kc5q3xyhkbne7fuk4r8no9gyty"}
{"level":"info","ts":1694605189.694685,"caller":"import_delete/worker.go:158","msg":"Worker: Job is complete","worker":"ImportDelete","job_id":"xhmf5myyu3rtxrr1kd87qkfxwc"}
{"level":"info","ts":1694605189.6945431,"caller":"scheduler/worker.go:82","msg":"Worker: Job is complete","worker":"Plugins","job_id":"uzyxakugdbn99gy4rdqbrb561h"}
{"level":"info","ts":1694605610.2610838,"caller":"expirynotify/worker.go:85","msg":"Worker: Job is complete","worker":"ExpiryNotify","job_id":"nxs8e4f5ebfu5rc81u14xy6gee"}
{"level":"info","ts":1694606211.320126,"caller":"expirynotify/worker.go:85","msg":"Worker: Job is complete","worker":"ExpiryNotify","job_id":"9e9uqwybotfwjbu3nesodz3sic"}
{"level":"info","ts":1694606812.438373,"caller":"expirynotify/worker.go:85","msg":"Worker: Job is complete","worker":"ExpiryNotify","job_id":"nfgiaankdpyx5y3yoqrzz3nose"}
{"level":"info","ts":1694607413.6815171,"caller":"expirynotify/worker.go:85","msg":"Worker: Job is complete","worker":"ExpiryNotify","job_id":"xrqmwtd4dtrifqoidbyitoz18h"}
{"level":"info","ts":1694607413.879026,"caller":"product_notices/worker.go:85","msg":"Worker: Job is complete","worker":"ProductNotices","job_id":"oaow4nqcg3fpbx7q7ysffrunah"}
{"level":"info","ts":1694608014.439109,"caller":"expirynotify/worker.go:85","msg":"Worker: Job is complete","worker":"ExpiryNotify","job_id":"unsnwwqa17dz9jh1wyymz9zker"}
{"level":"info","ts":1694608750.596661,"caller":"expirynotify/worker.go:85","msg":"Worker: Job is complete","worker":"ExpiryNotify","job_id":"4axcs7y7k3bs7kk8imex3p8p3r"}
